# JRE version: OpenJDK Runtime Environment Temurin-17.0.10+7 (17.0.10+7) (build 17.0.10+7)
# Java VM: OpenJDK 64-Bit Server VM Temurin-17.0.10+7 (17.0.10+7, mixed mode, tiered, compressed oops, compressed class ptrs, parallel gc, windows-amd64)
GC Precious Log:
 CPUs: 8 total, 8 available
 Memory: 16264M
 Large Page Support: Disabled
 NUMA Support: Disabled
 Compressed Oops: Enabled (32-bit)
 Alignments: Space 512K, Generation 512K, Heap 2M
 Heap Min Capacity: 100M
 Heap Initial Capacity: 100M
 Heap Max Capacity: 1G
 Pre-touch: Disabled
 Parallel Workers: 8
Heap:
 PSYoungGen      total 3072K, used 512K [0x00000000eab00000, 0x00000000eb800000, 0x0000000100000000)
  eden space 2560K, 0% used [0x00000000eab00000,0x00000000eab00000,0x00000000ead80000)
  from space 512K, 100% used [0x00000000eb200000,0x00000000eb280000,0x00000000eb280000)
  to   space 4608K, 0% used [0x00000000ead80000,0x00000000ead80000,0x00000000eb200000)
 ParOldGen       total 129024K, used 126150K [0x00000000c0000000, 0x00000000c7e00000, 0x00000000eab00000)
  object space 129024K, 97% used [0x00000000c0000000,0x00000000c7b31ba0,0x00000000c7e00000)
 Metaspace       used 91712K, committed 92928K, reserved 1179648K
  class space    used 9436K, committed 9984K, reserved 1048576K
GC Heap History (20 events):
Event: 3546.682 GC heap after
{Heap after GC invocations=2582 (full 66):
 PSYoungGen      total 5120K, used 920K [0x00000000eab00000, 0x00000000eb200000, 0x0000000100000000)
  eden space 4096K, 0% used [0x00000000eab00000,0x00000000eab00000,0x00000000eaf00000)
  from space 1024K, 89% used [0x00000000eaf80000,0x00000000eb066000,0x00000000eb080000)
  to   space 1536K, 0% used [0x00000000eb080000,0x00000000eb080000,0x00000000eb200000)
 ParOldGen       total 129024K, used 114950K [0x00000000c0000000, 0x00000000c7e00000, 0x00000000eab00000)
  object space 129024K, 89% used [0x00000000c0000000,0x00000000c70418d0,0x00000000c7e00000)
 Metaspace       used 91273K, committed 92480K, reserved 1179648K
  class space    used 9393K, committed 9984K, reserved 1048576K
}
Event: 3546.702 GC heap before
{Heap before GC invocations=2583 (full 66):
 PSYoungGen      total 5120K, used 5015K [0x00000000eab00000, 0x00000000eb200000, 0x0000000100000000)
  eden space 4096K, 99% used [0x00000000eab00000,0x00000000eaeffef8,0x00000000eaf00000)
  from space 1024K, 89% used [0x00000000eaf80000,0x00000000eb066000,0x00000000eb080000)
  to   space 1536K, 0% used [0x00000000eb080000,0x00000000eb080000,0x00000000eb200000)
 ParOldGen       total 129024K, used 114950K [0x00000000c0000000, 0x00000000c7e00000, 0x00000000eab00000)
  object space 129024K, 89% used [0x00000000c0000000,0x00000000c70418d0,0x00000000c7e00000)
 Metaspace       used 91288K, committed 92480K, reserved 1179648K
  class space    used 9393K, committed 9984K, reserved 1048576K
}
Event: 3546.704 GC heap after
{Heap after GC invocations=2583 (full 66):
 PSYoungGen      total 5632K, used 1376K [0x00000000eab00000, 0x00000000eb200000, 0x0000000100000000)
  eden space 4096K, 0% used [0x00000000eab00000,0x00000000eab00000,0x00000000eaf00000)
  from space 1536K, 89% used [0x00000000eb080000,0x00000000eb1d8000,0x00000000eb200000)
  to   space 1536K, 0% used [0x00000000eaf00000,0x00000000eaf00000,0x00000000eb080000)
 ParOldGen       total 129024K, used 115478K [0x00000000c0000000, 0x00000000c7e00000, 0x00000000eab00000)
  object space 129024K, 89% used [0x00000000c0000000,0x00000000c70c58d0,0x00000000c7e00000)
 Metaspace       used 91288K, committed 92480K, reserved 1179648K
  class space    used 9393K, committed 9984K, reserved 1048576K
}
Event: 3546.758 GC heap before
{Heap before GC invocations=2584 (full 66):
 PSYoungGen      total 5632K, used 5472K [0x00000000eab00000, 0x00000000eb200000, 0x0000000100000000)
  eden space 4096K, 100% used [0x00000000eab00000,0x00000000eaf00000,0x00000000eaf00000)
  from space 1536K, 89% used [0x00000000eb080000,0x00000000eb1d8000,0x00000000eb200000)
  to   space 1536K, 0% used [0x00000000eaf00000,0x00000000eaf00000,0x00000000eb080000)
 ParOldGen       total 129024K, used 115478K [0x00000000c0000000, 0x00000000c7e00000, 0x00000000eab00000)
  object space 129024K, 89% used [0x00000000c0000000,0x00000000c70c58d0,0x00000000c7e00000)
 Metaspace       used 91288K, committed 92480K, reserved 1179648K
  class space    used 9393K, committed 9984K, reserved 1048576K
}
Event: 3546.759 GC heap after
{Heap after GC invocations=2584 (full 66):
 PSYoungGen      total 5632K, used 1522K [0x00000000eab00000, 0x00000000eb800000, 0x0000000100000000)
  eden space 4096K, 0% used [0x00000000eab00000,0x00000000eab00000,0x00000000eaf00000)
  from space 1536K, 99% used [0x00000000eaf00000,0x00000000eb07cb10,0x00000000eb080000)
  to   space 4608K, 0% used [0x00000000eb380000,0x00000000eb380000,0x00000000eb800000)
 ParOldGen       total 129024K, used 117654K [0x00000000c0000000, 0x00000000c7e00000, 0x00000000eab00000)
  object space 129024K, 91% used [0x00000000c0000000,0x00000000c72e58d0,0x00000000c7e00000)
 Metaspace       used 91288K, committed 92480K, reserved 1179648K
  class space    used 9393K, committed 9984K, reserved 1048576K
}
Event: 3547.380 GC heap before
{Heap before GC invocations=2585 (full 66):
 PSYoungGen      total 5632K, used 5618K [0x00000000eab00000, 0x00000000eb800000, 0x0000000100000000)
  eden space 4096K, 100% used [0x00000000eab00000,0x00000000eaf00000,0x00000000eaf00000)
  from space 1536K, 99% used [0x00000000eaf00000,0x00000000eb07cb10,0x00000000eb080000)
  to   space 4608K, 0% used [0x00000000eb380000,0x00000000eb380000,0x00000000eb800000)
 ParOldGen       total 129024K, used 117654K [0x00000000c0000000, 0x00000000c7e00000, 0x00000000eab00000)
  object space 129024K, 91% used [0x00000000c0000000,0x00000000c72e58d0,0x00000000c7e00000)
 Metaspace       used 91288K, committed 92480K, reserved 1179648K
  class space    used 9393K, committed 9984K, reserved 1048576K
}
Event: 3547.383 GC heap after
{Heap after GC invocations=2585 (full 66):
 PSYoungGen      total 7168K, used 2816K [0x00000000eab00000, 0x00000000eb680000, 0x0000000100000000)
  eden space 4096K, 0% used [0x00000000eab00000,0x00000000eab00000,0x00000000eaf00000)
  from space 3072K, 91% used [0x00000000eb380000,0x00000000eb640000,0x00000000eb680000)
  to   space 3584K, 0% used [0x00000000eaf80000,0x00000000eaf80000,0x00000000eb300000)
 ParOldGen       total 129024K, used 119184K [0x00000000c0000000, 0x00000000c7e00000, 0x00000000eab00000)
  object space 129024K, 92% used [0x00000000c0000000,0x00000000c74643e0,0x00000000c7e00000)
 Metaspace       used 91288K, committed 92480K, reserved 1179648K
  class space    used 9393K, committed 9984K, reserved 1048576K
}
Event: 3552.160 GC heap before
{Heap before GC invocations=2586 (full 66):
 PSYoungGen      total 7168K, used 6912K [0x00000000eab00000, 0x00000000eb680000, 0x0000000100000000)
  eden space 4096K, 100% used [0x00000000eab00000,0x00000000eaf00000,0x00000000eaf00000)
  from space 3072K, 91% used [0x00000000eb380000,0x00000000eb640000,0x00000000eb680000)
  to   space 3584K, 0% used [0x00000000eaf80000,0x00000000eaf80000,0x00000000eb300000)
 ParOldGen       total 129024K, used 119184K [0x00000000c0000000, 0x00000000c7e00000, 0x00000000eab00000)
  object space 129024K, 92% used [0x00000000c0000000,0x00000000c74643e0,0x00000000c7e00000)
 Metaspace       used 91288K, committed 92480K, reserved 1179648K
  class space    used 9393K, committed 9984K, reserved 1048576K
}
Event: 3552.163 GC heap after
{Heap after GC invocations=2586 (full 66):
 PSYoungGen      total 4608K, used 224K [0x00000000eab00000, 0x00000000eb400000, 0x0000000100000000)
  eden space 4096K, 0% used [0x00000000eab00000,0x00000000eab00000,0x00000000eaf00000)
  from space 512K, 43% used [0x00000000eaf80000,0x00000000eafb8000,0x00000000eb000000)
  to   space 1536K, 0% used [0x00000000eb280000,0x00000000eb280000,0x00000000eb400000)
 ParOldGen       total 129024K, used 121848K [0x00000000c0000000, 0x00000000c7e00000, 0x00000000eab00000)
  object space 129024K, 94% used [0x00000000c0000000,0x00000000c76fe3e0,0x00000000c7e00000)
 Metaspace       used 91288K, committed 92480K, reserved 1179648K
  class space    used 9393K, committed 9984K, reserved 1048576K
}
Event: 3639.037 GC heap before
{Heap before GC invocations=2587 (full 66):
 PSYoungGen      total 4608K, used 4320K [0x00000000eab00000, 0x00000000eb400000, 0x0000000100000000)
  eden space 4096K, 100% used [0x00000000eab00000,0x00000000eaf00000,0x00000000eaf00000)
  from space 512K, 43% used [0x00000000eaf80000,0x00000000eafb8000,0x00000000eb000000)
  to   space 1536K, 0% used [0x00000000eb280000,0x00000000eb280000,0x00000000eb400000)
 ParOldGen       total 129024K, used 121848K [0x00000000c0000000, 0x00000000c7e00000, 0x00000000eab00000)
  object space 129024K, 94% used [0x00000000c0000000,0x00000000c76fe3e0,0x00000000c7e00000)
 Metaspace       used 91288K, committed 92480K, reserved 1179648K
  class space    used 9393K, committed 9984K, reserved 1048576K
}
Event: 3639.039 GC heap after
{Heap after GC invocations=2587 (full 66):
 PSYoungGen      total 4608K, used 192K [0x00000000eab00000, 0x00000000eb300000, 0x0000000100000000)
  eden space 4096K, 0% used [0x00000000eab00000,0x00000000eab00000,0x00000000eaf00000)
  from space 512K, 37% used [0x00000000eb280000,0x00000000eb2b0000,0x00000000eb300000)
  to   space 512K, 0% used [0x00000000eaf80000,0x00000000eaf80000,0x00000000eb000000)
 ParOldGen       total 129024K, used 121864K [0x00000000c0000000, 0x00000000c7e00000, 0x00000000eab00000)
  object space 129024K, 94% used [0x00000000c0000000,0x00000000c77023e0,0x00000000c7e00000)
 Metaspace       used 91288K, committed 92480K, reserved 1179648K
  class space    used 9393K, committed 9984K, reserved 1048576K
}
Event: 3639.455 GC heap before
{Heap before GC invocations=2588 (full 66):
 PSYoungGen      total 4608K, used 4288K [0x00000000eab00000, 0x00000000eb300000, 0x0000000100000000)
  eden space 4096K, 100% used [0x00000000eab00000,0x00000000eaf00000,0x00000000eaf00000)
  from space 512K, 37% used [0x00000000eb280000,0x00000000eb2b0000,0x00000000eb300000)
  to   space 512K, 0% used [0x00000000eaf80000,0x00000000eaf80000,0x00000000eb000000)
 ParOldGen       total 129024K, used 121864K [0x00000000c0000000, 0x00000000c7e00000, 0x00000000eab00000)
  object space 129024K, 94% used [0x00000000c0000000,0x00000000c77023e0,0x00000000c7e00000)
 Metaspace       used 91290K, committed 92480K, reserved 1179648K
  class space    used 9393K, committed 9984K, reserved 1048576K
}
Event: 3639.455 GC heap after
{Heap after GC invocations=2588 (full 66):
 PSYoungGen      total 4608K, used 480K [0x00000000eab00000, 0x00000000eb300000, 0x0000000100000000)
  eden space 4096K, 0% used [0x00000000eab00000,0x00000000eab00000,0x00000000eaf00000)
  from space 512K, 93% used [0x00000000eaf80000,0x00000000eaff8040,0x00000000eb000000)
  to   space 1024K, 0% used [0x00000000eb200000,0x00000000eb200000,0x00000000eb300000)
 ParOldGen       total 129024K, used 122024K [0x00000000c0000000, 0x00000000c7e00000, 0x00000000eab00000)
  object space 129024K, 94% used [0x00000000c0000000,0x00000000c772a3e0,0x00000000c7e00000)
 Metaspace       used 91290K, committed 92480K, reserved 1179648K
  class space    used 9393K, committed 9984K, reserved 1048576K
}
Event: 3652.246 GC heap before
{Heap before GC invocations=2589 (full 66):
 PSYoungGen      total 4608K, used 4569K [0x00000000eab00000, 0x00000000eb300000, 0x0000000100000000)
  eden space 4096K, 99% used [0x00000000eab00000,0x00000000eaefe4f0,0x00000000eaf00000)
  from space 512K, 93% used [0x00000000eaf80000,0x00000000eaff8040,0x00000000eb000000)
  to   space 1024K, 0% used [0x00000000eb200000,0x00000000eb200000,0x00000000eb300000)
 ParOldGen       total 129024K, used 122024K [0x00000000c0000000, 0x00000000c7e00000, 0x00000000eab00000)
  object space 129024K, 94% used [0x00000000c0000000,0x00000000c772a3e0,0x00000000c7e00000)
 Metaspace       used 91295K, committed 92480K, reserved 1179648K
  class space    used 9394K, committed 9984K, reserved 1048576K
}
Event: 3652.246 GC heap after
{Heap after GC invocations=2589 (full 66):
 PSYoungGen      total 4608K, used 320K [0x00000000eab00000, 0x00000000eb280000, 0x0000000100000000)
  eden space 4096K, 0% used [0x00000000eab00000,0x00000000eab00000,0x00000000eaf00000)
  from space 512K, 62% used [0x00000000eb200000,0x00000000eb250000,0x00000000eb280000)
  to   space 512K, 0% used [0x00000000eaf80000,0x00000000eaf80000,0x00000000eb000000)
 ParOldGen       total 129024K, used 122547K [0x00000000c0000000, 0x00000000c7e00000, 0x00000000eab00000)
  object space 129024K, 94% used [0x00000000c0000000,0x00000000c77acd40,0x00000000c7e00000)
 Metaspace       used 91295K, committed 92480K, reserved 1179648K
  class space    used 9394K, committed 9984K, reserved 1048576K
}
Event: 3652.290 GC heap before
{Heap before GC invocations=2590 (full 66):
 PSYoungGen      total 4608K, used 4416K [0x00000000eab00000, 0x00000000eb280000, 0x0000000100000000)
  eden space 4096K, 100% used [0x00000000eab00000,0x00000000eaf00000,0x00000000eaf00000)
  from space 512K, 62% used [0x00000000eb200000,0x00000000eb250000,0x00000000eb280000)
  to   space 512K, 0% used [0x00000000eaf80000,0x00000000eaf80000,0x00000000eb000000)
 ParOldGen       total 129024K, used 122547K [0x00000000c0000000, 0x00000000c7e00000, 0x00000000eab00000)
  object space 129024K, 94% used [0x00000000c0000000,0x00000000c77acd40,0x00000000c7e00000)
 Metaspace       used 91682K, committed 92928K, reserved 1179648K
  class space    used 9433K, committed 9984K, reserved 1048576K
}
Event: 3652.291 GC heap after
{Heap after GC invocations=2590 (full 66):
 PSYoungGen      total 4608K, used 352K [0x00000000eab00000, 0x00000000eb280000, 0x0000000100000000)
  eden space 4096K, 0% used [0x00000000eab00000,0x00000000eab00000,0x00000000eaf00000)
  from space 512K, 68% used [0x00000000eaf80000,0x00000000eafd8020,0x00000000eb000000)
  to   space 512K, 0% used [0x00000000eb200000,0x00000000eb200000,0x00000000eb280000)
 ParOldGen       total 129024K, used 122699K [0x00000000c0000000, 0x00000000c7e00000, 0x00000000eab00000)
  object space 129024K, 95% used [0x00000000c0000000,0x00000000c77d2d40,0x00000000c7e00000)
 Metaspace       used 91682K, committed 92928K, reserved 1179648K
  class space    used 9433K, committed 9984K, reserved 1048576K
}
Event: 3652.306 GC heap before
{Heap before GC invocations=2591 (full 66):
 PSYoungGen      total 4608K, used 4448K [0x00000000eab00000, 0x00000000eb280000, 0x0000000100000000)
  eden space 4096K, 100% used [0x00000000eab00000,0x00000000eaf00000,0x00000000eaf00000)
  from space 512K, 68% used [0x00000000eaf80000,0x00000000eafd8020,0x00000000eb000000)
  to   space 512K, 0% used [0x00000000eb200000,0x00000000eb200000,0x00000000eb280000)
 ParOldGen       total 129024K, used 122699K [0x00000000c0000000, 0x00000000c7e00000, 0x00000000eab00000)
  object space 129024K, 95% used [0x00000000c0000000,0x00000000c77d2d40,0x00000000c7e00000)
 Metaspace       used 91712K, committed 92928K, reserved 1179648K
  class space    used 9436K, committed 9984K, reserved 1048576K
}
Event: 3652.308 GC heap after
{Heap after GC invocations=2591 (full 66):
 PSYoungGen      total 3072K, used 512K [0x00000000eab00000, 0x00000000eb800000, 0x0000000100000000)
  eden space 2560K, 0% used [0x00000000eab00000,0x00000000eab00000,0x00000000ead80000)
  from space 512K, 100% used [0x00000000eb200000,0x00000000eb280000,0x00000000eb280000)
  to   space 4608K, 0% used [0x00000000ead80000,0x00000000ead80000,0x00000000eb200000)
 ParOldGen       total 129024K, used 126150K [0x00000000c0000000, 0x00000000c7e00000, 0x00000000eab00000)
  object space 129024K, 97% used [0x00000000c0000000,0x00000000c7b31ba0,0x00000000c7e00000)
 Metaspace       used 91712K, committed 92928K, reserved 1179648K
  class space    used 9436K, committed 9984K, reserved 1048576K
}
Event: 3652.308 GC heap before
{Heap before GC invocations=2592 (full 67):
 PSYoungGen      total 3072K, used 512K [0x00000000eab00000, 0x00000000eb800000, 0x0000000100000000)
  eden space 2560K, 0% used [0x00000000eab00000,0x00000000eab00000,0x00000000ead80000)
  from space 512K, 100% used [0x00000000eb200000,0x00000000eb280000,0x00000000eb280000)
  to   space 4608K, 0% used [0x00000000ead80000,0x00000000ead80000,0x00000000eb200000)
 ParOldGen       total 129024K, used 126150K [0x00000000c0000000, 0x00000000c7e00000, 0x00000000eab00000)
  object space 129024K, 97% used [0x00000000c0000000,0x00000000c7b31ba0,0x00000000c7e00000)
 Metaspace       used 91712K, committed 92928K, reserved 1179648K
  class space    used 9436K, committed 9984K, reserved 1048576K
}

